E, [2015-08-04T12:46:45.250175 #42269] ERROR -- : {:http_code=>"200", :http_body=>"{\"error\":6,\"message\":\"timestamp is not a valid integer: 2015-08-04 12:46:44 -0400\",\"links\":[]}\n", :http_headers=>{"date"=>["Tue, 04 Aug 2015 16:46:44 GMT"], "server"=>["Apache/2.2.22 (Unix)"], "x-web-node"=>["www216"], "access-control-allow-origin"=>["*"], "access-control-allow-methods"=>["POST, GET, OPTIONS"], "access-control-max-age"=>["86400"], "cache-control"=>["max-age=10"], "expires"=>["Tue, 04 Aug 2015 16:46:55 GMT"], "vary"=>["Accept-Encoding"], "content-length"=>["113"], "connection"=>["close"], "content-type"=>["application/json; charset=utf-8;"]}, :lfm_error=>6, :lfm_message=>"timestamp is not a valid integer: 2015-08-04 12:46:44 -0400"} (ServerErrorException)
scrobble.rb:59:in `scrobble'
scrobble.rb:85:in `run'
scrobble.rb:103:in `<main>'
E, [2015-08-04T12:46:55.626982 #42269] ERROR -- : {:http_code=>"200", :http_body=>"{\"error\":6,\"message\":\"timestamp is not a valid integer: 2015-08-04 12:46:55 -0400\",\"links\":[]}\n", :http_headers=>{"date"=>["Tue, 04 Aug 2015 16:46:55 GMT"], "server"=>["Apache/2.2.22 (Unix)"], "x-web-node"=>["www203"], "access-control-allow-origin"=>["*"], "access-control-allow-methods"=>["POST, GET, OPTIONS"], "access-control-max-age"=>["86400"], "cache-control"=>["max-age=10"], "expires"=>["Tue, 04 Aug 2015 16:47:05 GMT"], "vary"=>["Accept-Encoding"], "content-length"=>["113"], "connection"=>["close"], "content-type"=>["application/json; charset=utf-8;"]}, :lfm_error=>6, :lfm_message=>"timestamp is not a valid integer: 2015-08-04 12:46:55 -0400"} (ServerErrorException)
scrobble.rb:59:in `scrobble'
scrobble.rb:85:in `run'
scrobble.rb:90:in `rescue in run'
scrobble.rb:80:in `run'
scrobble.rb:103:in `<main>'
E, [2015-08-04T12:47:15.978987 #42269] ERROR -- : {:http_code=>"200", :http_body=>"{\"error\":6,\"message\":\"timestamp is not a valid integer: 2015-08-04 12:47:15 -0400\",\"links\":[]}\n", :http_headers=>{"date"=>["Tue, 04 Aug 2015 16:47:15 GMT"], "server"=>["Apache/2.2.22 (Unix)"], "x-web-node"=>["www71"], "access-control-allow-origin"=>["*"], "access-control-allow-methods"=>["POST, GET, OPTIONS"], "access-control-max-age"=>["86400"], "cache-control"=>["max-age=10"], "expires"=>["Tue, 04 Aug 2015 16:47:25 GMT"], "vary"=>["Accept-Encoding"], "content-length"=>["114"], "connection"=>["close"], "content-type"=>["application/json; charset=utf-8;"]}, :lfm_error=>6, :lfm_message=>"timestamp is not a valid integer: 2015-08-04 12:47:15 -0400"} (ServerErrorException)
scrobble.rb:59:in `scrobble'
scrobble.rb:85:in `run'
scrobble.rb:90:in `rescue in run'
scrobble.rb:80:in `run'
scrobble.rb:90:in `rescue in run'
scrobble.rb:80:in `run'
scrobble.rb:103:in `<main>'
E, [2015-08-04T12:47:46.740265 #42269] ERROR -- : {:http_code=>"200", :http_body=>"{\"error\":6,\"message\":\"timestamp is not a valid integer: 2015-08-04 12:47:45 -0400\",\"links\":[]}\n", :http_headers=>{"date"=>["Tue, 04 Aug 2015 16:47:46 GMT"], "server"=>["Apache/2.2.22 (Unix)"], "x-web-node"=>["www225"], "access-control-allow-origin"=>["*"], "access-control-allow-methods"=>["POST, GET, OPTIONS"], "access-control-max-age"=>["86400"], "cache-control"=>["max-age=10"], "expires"=>["Tue, 04 Aug 2015 16:47:56 GMT"], "vary"=>["Accept-Encoding"], "content-length"=>["114"], "connection"=>["close"], "content-type"=>["application/json; charset=utf-8;"]}, :lfm_error=>6, :lfm_message=>"timestamp is not a valid integer: 2015-08-04 12:47:45 -0400"} (ServerErrorException)
scrobble.rb:59:in `scrobble'
scrobble.rb:85:in `run'
scrobble.rb:90:in `rescue in run'
scrobble.rb:80:in `run'
scrobble.rb:90:in `rescue in run'
scrobble.rb:80:in `run'
scrobble.rb:90:in `rescue in run'
scrobble.rb:80:in `run'
scrobble.rb:103:in `<main>'
E, [2015-08-04T13:01:27.987129 #42285] ERROR -- : there is no exception class big enough to hold this error (RuntimeError)
scrobble.rb:49:in `scrobble'
scrobble.rb:71:in `run'
scrobble.rb:90:in `<main>'
E, [2015-08-04T13:03:49.516279 #42292] ERROR -- : uninitialized constant Scrobbler::BadSessionException (NameError)
scrobble.rb:47:in `scrobble'
scrobble.rb:71:in `run'
scrobble.rb:90:in `<main>'
E, [2015-08-04T13:04:17.436152 #42294] ERROR -- : {:http_code=>"200", :http_body=>"{\"error\":9,\"message\":\"Invalid session key - Please re-authenticate\",\"links\":[]}\n", :http_headers=>{"date"=>["Tue, 04 Aug 2015 17:04:17 GMT"], "server"=>["Apache/2.2.22 (Unix)"], "x-web-node"=>["www238"], "access-control-allow-origin"=>["*"], "access-control-allow-methods"=>["POST, GET, OPTIONS"], "access-control-max-age"=>["86400"], "cache-control"=>["max-age=10"], "expires"=>["Tue, 04 Aug 2015 17:04:27 GMT"], "vary"=>["Accept-Encoding"], "content-length"=>["105"], "connection"=>["close"], "content-type"=>["application/json; charset=utf-8;"]}, :lfm_error=>9, :lfm_message=>"Invalid session key - Please re-authenticate"} (BadSessionException)
scrobble.rb:47:in `scrobble'
scrobble.rb:71:in `run'
scrobble.rb:90:in `<main>'
E, [2015-08-04T13:04:17.739644 #42294] ERROR -- : ARRRG (RuntimeError)
/Users/annharter/Documents/coding/scrobbler/auth.rb:106:in `get_session'
scrobble.rb:68:in `run'
scrobble.rb:83:in `rescue in run'
scrobble.rb:66:in `run'
scrobble.rb:90:in `<main>'
E, [2015-08-04T13:05:45.695487 #42295] ERROR -- : {:http_code=>"200", :http_body=>"{\"error\":9,\"message\":\"Invalid session key - Please re-authenticate\",\"links\":[]}\n", :http_headers=>{"date"=>["Tue, 04 Aug 2015 17:05:45 GMT"], "server"=>["Apache/2.2.22 (Unix)"], "x-web-node"=>["www202"], "access-control-allow-origin"=>["*"], "access-control-allow-methods"=>["POST, GET, OPTIONS"], "access-control-max-age"=>["86400"], "cache-control"=>["max-age=10"], "expires"=>["Tue, 04 Aug 2015 17:05:55 GMT"], "vary"=>["Accept-Encoding"], "content-length"=>["105"], "connection"=>["close"], "content-type"=>["application/json; charset=utf-8;"]}, :lfm_error=>9, :lfm_message=>"Invalid session key - Please re-authenticate"} (BadSessionException)
scrobble.rb:47:in `scrobble'
scrobble.rb:71:in `run'
scrobble.rb:90:in `<main>'
E, [2015-08-04T13:05:45.964489 #42295] ERROR -- : ARRRG (RuntimeError)
/Users/annharter/Documents/coding/scrobbler/auth.rb:108:in `get_session'
scrobble.rb:68:in `run'
scrobble.rb:83:in `rescue in run'
scrobble.rb:66:in `run'
scrobble.rb:90:in `<main>'
E, [2015-08-04T13:07:19.670498 #42302] ERROR -- : {:http_code=>"200", :http_body=>"{\"error\":9,\"message\":\"Invalid session key - Please re-authenticate\",\"links\":[]}\n", :http_headers=>{"date"=>["Tue, 04 Aug 2015 17:07:19 GMT"], "server"=>["Apache/2.2.22 (Unix)"], "x-web-node"=>["www105"], "access-control-allow-origin"=>["*"], "access-control-allow-methods"=>["POST, GET, OPTIONS"], "access-control-max-age"=>["86400"], "cache-control"=>["max-age=10"], "expires"=>["Tue, 04 Aug 2015 17:07:29 GMT"], "vary"=>["Accept-Encoding"], "content-length"=>["105"], "connection"=>["close"], "content-type"=>["application/json; charset=utf-8;"]}, :lfm_error=>9, :lfm_message=>"Invalid session key - Please re-authenticate"} (BadSessionException)
scrobble.rb:44:in `scrobble'
scrobble.rb:68:in `run'
scrobble.rb:87:in `<main>'
E, [2015-08-04T13:07:19.946984 #42302] ERROR -- : ARGGH WHOILE GETSTA AS ESSSIONS (BadSessionException)
/Users/annharter/Documents/coding/scrobbler/auth.rb:111:in `get_session'
scrobble.rb:65:in `run'
scrobble.rb:80:in `rescue in run'
scrobble.rb:63:in `run'
scrobble.rb:87:in `<main>'
E, [2015-08-04T13:10:32.571955 #42312] ERROR -- : getaddrinfo: nodename nor servname provided, or not known (SocketError)
/System/Library/Frameworks/Ruby.framework/Versions/2.0/usr/lib/ruby/2.0.0/net/http.rb:878:in `initialize'
/System/Library/Frameworks/Ruby.framework/Versions/2.0/usr/lib/ruby/2.0.0/net/http.rb:878:in `open'
/System/Library/Frameworks/Ruby.framework/Versions/2.0/usr/lib/ruby/2.0.0/net/http.rb:878:in `block in connect'
/System/Library/Frameworks/Ruby.framework/Versions/2.0/usr/lib/ruby/2.0.0/timeout.rb:52:in `timeout'
/System/Library/Frameworks/Ruby.framework/Versions/2.0/usr/lib/ruby/2.0.0/net/http.rb:877:in `connect'
/System/Library/Frameworks/Ruby.framework/Versions/2.0/usr/lib/ruby/2.0.0/net/http.rb:862:in `do_start'
/System/Library/Frameworks/Ruby.framework/Versions/2.0/usr/lib/ruby/2.0.0/net/http.rb:851:in `start'
/System/Library/Frameworks/Ruby.framework/Versions/2.0/usr/lib/ruby/2.0.0/net/http.rb:582:in `start'
/System/Library/Frameworks/Ruby.framework/Versions/2.0/usr/lib/ruby/2.0.0/net/http.rb:506:in `post_form'
/Users/annharter/Documents/coding/scrobbler/auth.rb:39:in `api_request'
scrobble.rb:26:in `scrobble'
scrobble.rb:68:in `run'
scrobble.rb:87:in `<main>'
E, [2015-08-04T13:10:52.305659 #42313] ERROR -- : 757: unexpected token at '<!DOCTYPE HTML PUBLIC "-//IETF//DTD HTML 2.0//EN">
<html><head>
<title>404 Not Found</title>
</head><body>
<h1>Not Found</h1>
<p>The requested URL /2.1/ was not found on this server.</p>
<hr>
<address>Apache/2.2.22 (Unix) Server at ws.audioscrobbler.com Port 80</address>
</body></html>
' (JSON::ParserError)
/Library/Ruby/Gems/2.0.0/gems/json-1.8.3/lib/json/common.rb:155:in `parse'
/Library/Ruby/Gems/2.0.0/gems/json-1.8.3/lib/json/common.rb:155:in `parse'
/Users/annharter/Documents/coding/scrobbler/auth.rb:44:in `api_request'
scrobble.rb:26:in `scrobble'
scrobble.rb:68:in `run'
scrobble.rb:87:in `<main>'
E, [2015-08-04T13:11:55.556824 #42315] ERROR -- : getaddrinfo: nodename nor servname provided, or not known (SocketError)
/System/Library/Frameworks/Ruby.framework/Versions/2.0/usr/lib/ruby/2.0.0/net/http.rb:878:in `initialize'
/System/Library/Frameworks/Ruby.framework/Versions/2.0/usr/lib/ruby/2.0.0/net/http.rb:878:in `open'
/System/Library/Frameworks/Ruby.framework/Versions/2.0/usr/lib/ruby/2.0.0/net/http.rb:878:in `block in connect'
/System/Library/Frameworks/Ruby.framework/Versions/2.0/usr/lib/ruby/2.0.0/timeout.rb:52:in `timeout'
/System/Library/Frameworks/Ruby.framework/Versions/2.0/usr/lib/ruby/2.0.0/net/http.rb:877:in `connect'
/System/Library/Frameworks/Ruby.framework/Versions/2.0/usr/lib/ruby/2.0.0/net/http.rb:862:in `do_start'
/System/Library/Frameworks/Ruby.framework/Versions/2.0/usr/lib/ruby/2.0.0/net/http.rb:851:in `start'
/System/Library/Frameworks/Ruby.framework/Versions/2.0/usr/lib/ruby/2.0.0/net/http.rb:582:in `start'
/System/Library/Frameworks/Ruby.framework/Versions/2.0/usr/lib/ruby/2.0.0/net/http.rb:506:in `post_form'
/Users/annharter/Documents/coding/scrobbler/auth.rb:39:in `api_request'
scrobble.rb:26:in `scrobble'
scrobble.rb:68:in `run'
scrobble.rb:87:in `<main>'
E, [2015-08-04T13:15:17.266449 #42317] ERROR -- : uninitialized constant Lastfm::Net (NameError)
/Users/annharter/Documents/coding/scrobbler/lastfm.rb:29:in `api_request'
scrobble.rb:22:in `scrobble'
scrobble.rb:64:in `run'
scrobble.rb:83:in `<main>'
